Arguments: 
  C:\Program Files\nodejs\node.exe C:\Users\dddfffddffss\AppData\Roaming\npm\node_modules\yarn\bin\yarn.js

PATH: 
  ;C:\Program Files\Java\jdk1.8.0_251\bin;C:\Program Files (x86)\Common Files\Oracle\Java\javapath;C:\Program Files (x86)\Intel\Intel(R) Management Engine Components\iCLS\;C:\Program Files\Intel\Intel(R) Management Engine Components\iCLS\;C:\WINDOWS\system32;C:\WINDOWS;C:\WINDOWS\System32\Wbem;C:\WINDOWS\System32\WindowsPowerShell\v1.0\;C:\WINDOWS\System32\OpenSSH\;C:\Program Files (x86)\Intel\Intel(R) Management Engine Components\DAL;C:\Program Files\Intel\Intel(R) Management Engine Components\DAL;C:\Program Files\mingw-w64\mingw64\bin;C:\Program Files\MATLAB\R2021b\bin;C:\Program Files\Git\cmd;C:\Program Files\Docker\Docker\resources\bin;C:\ProgramData\DockerDesktop\version-bin;C:\Program Files\nodejs\;C:\Users\dddfffddffss\AppData\Local\Microsoft\WindowsApps;C:\Program Files\Bandizip\;C:\Users\dddfffddffss\AppData\Local\Packages\PythonSoftwareFoundation.Python.3.9_qbz5n2kfra8p0\LocalCache\local-packages\Python39\Scripts;C:\Users\dddfffddffss\AppData\Local\Programs\Microsoft VS Code\bin;C:\Users\dddfffddffss\AppData\Roaming\npm

Yarn version: 
  1.22.19

Node version: 
  18.13.0

Platform: 
  win32 x64

Trace: 
  Error: EPERM: operation not permitted, rmdir 'C:\Users\dddfffddffss\Documents\0MYDOCU\repos\haeng-whoo\server\node_modules\bcrypt\lib\binding\napi-v3'

npm manifest: 
  {
    "name": "server",
    "version": "1.0.0",
    "description": "",
    "main": "index.js",
    "type": "module",
    "scripts": {
      "test": "echo \"Error: no test specified\" && exit 1"
    },
    "keywords": [],
    "author": "",
    "license": "ISC",
    "dependencies": {
      "bcrypt": "^5.1.0",
      "body-parser": "^1.20.1",
      "cors": "^2.8.5",
      "dotenv": "^16.0.3",
      "express": "^4.18.2",
      "gridfs-stream": "^1.1.1",
      "helmet": "^6.0.1",
      "jsonwebtoken": "^9.0.0",
      "mongoose": "^6.9.0",
      "morgan": "^1.10.0",
      "multer": "^1.4.4",
      "multer-gridfs-storage": "^5.0.2"
    }
  }

yarn manifest: 
  No manifest

Lockfile: 
  No lockfile
